build/outputs/logs/manifest-merger-debug-report.txt
-- Merging decision tree log ---
manifest
ADDED from src/main/AndroidManifest.xml:2:1-36:12
INJECTED from src/main/AndroidManifest.xml:2:1-36:12
INJECTED from src/main/AndroidManifest.xml:2:1-36:12
INJECTED from src/main/AndroidManifest.xml:2:1-36:12
MERGED from [:VuforiaWrapper:] AndroidManifest.xml:2:1-15:12
INJECTED from src/main/AndroidManifest.xml:2:1-36:12
INJECTED from src/main/AndroidManifest.xml:2:1-36:12
INJECTED from src/main/AndroidManifest.xml:2:1-36:12
	package
		ADDED from src/main/AndroidManifest.xml:2:70-102
		INJECTED from src/main/AndroidManifest.xml
		INJECTED from src/main/AndroidManifest.xml
	android:versionName
		INJECTED from src/main/AndroidManifest.xml
		ADDED from src/main/AndroidManifest.xml:2:1-36:12
		INJECTED from src/main/AndroidManifest.xml
	xmlns:tools
		ADDED from src/main/AndroidManifest.xml:2:103-149
	android:versionCode
		INJECTED from src/main/AndroidManifest.xml
		ADDED from src/main/AndroidManifest.xml:2:1-36:12
		INJECTED from src/main/AndroidManifest.xml
	xmlns:android
		ADDED from src/main/AndroidManifest.xml:2:11-69
	android:installLocation
		ADDED from src/main/AndroidManifest.xml:2:150-190
supports-screens
ADDED from src/main/AndroidManifest.xml:3:3-163
	android:largeScreens
		ADDED from src/main/AndroidManifest.xml:3:78-105
	android:smallScreens
		ADDED from src/main/AndroidManifest.xml:3:21-48
	android:normalScreens
		ADDED from src/main/AndroidManifest.xml:3:49-77
	android:xlargeScreens
		ADDED from src/main/AndroidManifest.xml:3:106-134
	android:anyDensity
		ADDED from src/main/AndroidManifest.xml:3:135-160
application
ADDED from src/main/AndroidManifest.xml:4:3-22:17
	android:label
		ADDED from src/main/AndroidManifest.xml:4:91-123
	android:icon
		ADDED from src/main/AndroidManifest.xml:4:58-90
	android:banner
		ADDED from src/main/AndroidManifest.xml:4:146-183
	android:theme
		ADDED from src/main/AndroidManifest.xml:4:16-57
	android:isGame
		ADDED from src/main/AndroidManifest.xml:4:124-145
activity#com.IITBhilai.techmeet.MainActivity
ADDED from src/main/AndroidManifest.xml:5:5-12:16
	android:screenOrientation
		ADDED from src/main/AndroidManifest.xml:5:48-86
	android:label
		ADDED from src/main/AndroidManifest.xml:5:15-47
	android:launchMode
		ADDED from src/main/AndroidManifest.xml:5:87-118
	android:hardwareAccelerated
		ADDED from src/main/AndroidManifest.xml:5:301-336
	android:configChanges
		ADDED from src/main/AndroidManifest.xml:5:119-300
	android:name
		ADDED from src/main/AndroidManifest.xml:5:337-387
intent-filter#action:name:android.intent.action.MAIN+category:name:android.intent.category.LAUNCHER+category:name:android.intent.category.LEANBACK_LAUNCHER
ADDED from src/main/AndroidManifest.xml:6:7-10:23
action#android.intent.action.MAIN
ADDED from src/main/AndroidManifest.xml:7:9-61
	android:name
		ADDED from src/main/AndroidManifest.xml:7:17-58
category#android.intent.category.LAUNCHER
ADDED from src/main/AndroidManifest.xml:8:9-69
	android:name
		ADDED from src/main/AndroidManifest.xml:8:19-66
category#android.intent.category.LEANBACK_LAUNCHER
ADDED from src/main/AndroidManifest.xml:9:9-78
	android:name
		ADDED from src/main/AndroidManifest.xml:9:19-75
meta-data#unityplayer.UnityActivity
ADDED from src/main/AndroidManifest.xml:11:7-82
	android:value
		ADDED from src/main/AndroidManifest.xml:11:59-79
	android:name
		ADDED from src/main/AndroidManifest.xml:11:18-58
activity#com.IITBhilai.techmeet.UnityPlayerActivity
ADDED from src/main/AndroidManifest.xml:13:5-18:16
	android:screenOrientation
		ADDED from src/main/AndroidManifest.xml:13:48-86
	android:label
		ADDED from src/main/AndroidManifest.xml:13:15-47
	android:launchMode
		ADDED from src/main/AndroidManifest.xml:13:87-118
	android:hardwareAccelerated
		ADDED from src/main/AndroidManifest.xml:13:301-336
	android:configChanges
		ADDED from src/main/AndroidManifest.xml:13:119-300
	android:name
		ADDED from src/main/AndroidManifest.xml:13:337-394
intent-filter#action:name:android.intent.action.MAIN
ADDED from src/main/AndroidManifest.xml:14:7-16:23
meta-data#unity.build-id
ADDED from src/main/AndroidManifest.xml:19:5-101
	android:value
		ADDED from src/main/AndroidManifest.xml:19:46-98
	android:name
		ADDED from src/main/AndroidManifest.xml:19:16-45
meta-data#unity.splash-mode
ADDED from src/main/AndroidManifest.xml:20:5-69
	android:value
		ADDED from src/main/AndroidManifest.xml:20:49-66
	android:name
		ADDED from src/main/AndroidManifest.xml:20:16-48
meta-data#unity.splash-enable
ADDED from src/main/AndroidManifest.xml:21:5-74
	android:value
		ADDED from src/main/AndroidManifest.xml:21:51-71
	android:name
		ADDED from src/main/AndroidManifest.xml:21:16-50
uses-feature#0x00020000
ADDED from src/main/AndroidManifest.xml:23:3-52
	android:glEsVersion
		ADDED from src/main/AndroidManifest.xml:23:17-49
uses-permission#android.permission.INTERNET
ADDED from src/main/AndroidManifest.xml:24:3-65
MERGED from [:VuforiaWrapper:] AndroidManifest.xml:11:5-67
MERGED from [:VuforiaWrapper:] AndroidManifest.xml:11:5-67
	android:name
		ADDED from src/main/AndroidManifest.xml:24:20-62
uses-permission#android.permission.CAMERA
ADDED from src/main/AndroidManifest.xml:25:3-63
MERGED from [:VuforiaWrapper:] AndroidManifest.xml:12:5-65
MERGED from [:VuforiaWrapper:] AndroidManifest.xml:12:5-65
	android:name
		ADDED from src/main/AndroidManifest.xml:25:20-60
uses-permission#android.permission.ACCESS_FINE_LOCATION
ADDED from src/main/AndroidManifest.xml:26:3-77
	android:name
		ADDED from src/main/AndroidManifest.xml:26:20-74
uses-permission#android.permission.ACCESS_COARSE_LOCATION
ADDED from src/main/AndroidManifest.xml:27:3-79
	android:name
		ADDED from src/main/AndroidManifest.xml:27:20-76
uses-feature#android.hardware.camera
ADDED from src/main/AndroidManifest.xml:28:3-83
MERGED from [:VuforiaWrapper:] AndroidManifest.xml:9:5-60
MERGED from [:VuforiaWrapper:] AndroidManifest.xml:9:5-60
	android:required
		ADDED from src/main/AndroidManifest.xml:28:56-80
		MERGED from src/main/AndroidManifest.xml:28:56-80
	android:name
		ADDED from src/main/AndroidManifest.xml:28:17-55
uses-feature#android.hardware.camera.autofocus
ADDED from src/main/AndroidManifest.xml:29:3-93
	android:required
		ADDED from src/main/AndroidManifest.xml:29:66-90
	android:name
		ADDED from src/main/AndroidManifest.xml:29:17-65
uses-feature#android.hardware.camera.front
ADDED from src/main/AndroidManifest.xml:30:3-89
	android:required
		ADDED from src/main/AndroidManifest.xml:30:62-86
	android:name
		ADDED from src/main/AndroidManifest.xml:30:17-61
uses-permission#android.permission.WRITE_EXTERNAL_STORAGE
ADDED from src/main/AndroidManifest.xml:31:3-106
	android:maxSdkVersion
		ADDED from src/main/AndroidManifest.xml:31:77-103
	android:name
		ADDED from src/main/AndroidManifest.xml:31:20-76
uses-permission#android.permission.READ_EXTERNAL_STORAGE
ADDED from src/main/AndroidManifest.xml:32:3-105
	android:maxSdkVersion
		ADDED from src/main/AndroidManifest.xml:32:76-102
	android:name
		ADDED from src/main/AndroidManifest.xml:32:20-75
uses-feature#android.hardware.touchscreen
ADDED from src/main/AndroidManifest.xml:33:3-88
	android:required
		ADDED from src/main/AndroidManifest.xml:33:61-85
	android:name
		ADDED from src/main/AndroidManifest.xml:33:17-60
uses-feature#android.hardware.touchscreen.multitouch
ADDED from src/main/AndroidManifest.xml:34:3-99
	android:required
		ADDED from src/main/AndroidManifest.xml:34:72-96
	android:name
		ADDED from src/main/AndroidManifest.xml:34:17-71
uses-feature#android.hardware.touchscreen.multitouch.distinct
ADDED from src/main/AndroidManifest.xml:35:3-108
	android:required
		ADDED from src/main/AndroidManifest.xml:35:81-105
	android:name
		ADDED from src/main/AndroidManifest.xml:35:17-80
uses-sdk
INJECTED from src/main/AndroidManifest.xml reason: use-sdk injection requested
INJECTED from src/main/AndroidManifest.xml
INJECTED from src/main/AndroidManifest.xml
MERGED from [:VuforiaWrapper:] AndroidManifest.xml:7:5-44
MERGED from [:VuforiaWrapper:] AndroidManifest.xml:7:5-44
INJECTED from src/main/AndroidManifest.xml
INJECTED from src/main/AndroidManifest.xml
	android:targetSdkVersion
		INJECTED from src/main/AndroidManifest.xml
		ADDED from src/main/AndroidManifest.xml
		INJECTED from src/main/AndroidManifest.xml
	android:minSdkVersion
		INJECTED from src/main/AndroidManifest.xml
		ADDED from src/main/AndroidManifest.xml
		INJECTED from src/main/AndroidManifest.xml
uses-permission#android.permission.ACCESS_NETWORK_STATE
ADDED from [:VuforiaWrapper:] AndroidManifest.xml:13:5-79
	android:name
		ADDED from [:VuforiaWrapper:] AndroidManifest.xml:13:22-76